h:\procesamento gráfico\sourcecode\my_space_invaders\debug\vc141.pdb
h:\procesamento gráfico\sourcecode\my_space_invaders\debug\vc141.idb
h:\procesamento gráfico\sourcecode\my_space_invaders\debug\gl_utils.obj
h:\procesamento gráfico\sourcecode\my_space_invaders\debug\main.obj
h:\procesamento gráfico\sourcecode\my_space_invaders\debug\maths_funcs.obj
e:\procesamento gráfico\sourcecode\my_space_invaders\debug\vc141.pdb
e:\procesamento gráfico\sourcecode\my_space_invaders\debug\vc141.idb
e:\procesamento gráfico\sourcecode\my_space_invaders\debug\maths_funcs.obj
e:\procesamento gráfico\sourcecode\my_space_invaders\debug\main.obj
e:\procesamento gráfico\sourcecode\my_space_invaders\debug\gl_utils.obj
c:\users\dominikcg\desktop\pg envaders\my_space_invaders\debug\vc141.pdb
c:\users\dominikcg\desktop\pg envaders\my_space_invaders\debug\vc141.idb
c:\users\dominikcg\desktop\pg envaders\my_space_invaders\debug\maths_funcs.obj
c:\users\dominikcg\desktop\pg envaders\my_space_invaders\debug\main.obj
c:\users\dominikcg\desktop\pg envaders\my_space_invaders\debug\gl_utils.obj
h:\procesamento gráfico\sourcecode\debug\my_space_invaders.ilk
h:\procesamento gráfico\sourcecode\debug\my_space_invaders.exe
h:\procesamento gráfico\sourcecode\debug\my_space_invaders.pdb
e:\procesamento gráfico\sourcecode\debug\my_space_invaders.ilk
e:\procesamento gráfico\sourcecode\debug\my_space_invaders.exe
e:\procesamento gráfico\sourcecode\debug\my_space_invaders.pdb
c:\users\dominikcg\desktop\pg envaders\my_space_invaders\debug\my_space.1845de65.tlog\cl.command.1.tlog
c:\users\dominikcg\desktop\pg envaders\my_space_invaders\debug\my_space.1845de65.tlog\cl.read.1.tlog
c:\users\dominikcg\desktop\pg envaders\my_space_invaders\debug\my_space.1845de65.tlog\cl.write.1.tlog
c:\users\dominikcg\desktop\pg envaders\my_space_invaders\debug\my_space.1845de65.tlog\link.command.1.tlog
c:\users\dominikcg\desktop\pg envaders\my_space_invaders\debug\my_space.1845de65.tlog\link.read.1.tlog
c:\users\dominikcg\desktop\pg envaders\my_space_invaders\debug\my_space.1845de65.tlog\link.write.1.tlog
