C:\Program Files (x86)\Microsoft Visual Studio\2017\Professional\Common7\IDE\VC\VCTargets\Microsoft.CppBuild.targets(391,5): warning MSB8028: The intermediate directory (Debug\) contains files shared from another project (02_transform.vcxproj).  This can lead to incorrect clean and rebuild behavior.
  gl_utils.cpp
c:\users\dominikcg\desktop\pg envaders\my_space_invaders\gl_utils.cpp(25): warning C4996: 'fopen': This function or variable may be unsafe. Consider using fopen_s instead. To disable deprecation, use _CRT_SECURE_NO_WARNINGS. See online help for details.
  c:\program files (x86)\windows kits\10\include\10.0.16299.0\ucrt\stdio.h(207): note: consulte a declaração de 'fopen'
c:\users\dominikcg\desktop\pg envaders\my_space_invaders\gl_utils.cpp(32): warning C4996: 'ctime': This function or variable may be unsafe. Consider using ctime_s instead. To disable deprecation, use _CRT_SECURE_NO_WARNINGS. See online help for details.
  c:\program files (x86)\windows kits\10\include\10.0.16299.0\ucrt\time.h(475): note: consulte a declaração de 'ctime'
c:\users\dominikcg\desktop\pg envaders\my_space_invaders\gl_utils.cpp(40): warning C4996: 'fopen': This function or variable may be unsafe. Consider using fopen_s instead. To disable deprecation, use _CRT_SECURE_NO_WARNINGS. See online help for details.
  c:\program files (x86)\windows kits\10\include\10.0.16299.0\ucrt\stdio.h(207): note: consulte a declaração de 'fopen'
c:\users\dominikcg\desktop\pg envaders\my_space_invaders\gl_utils.cpp(56): warning C4996: 'fopen': This function or variable may be unsafe. Consider using fopen_s instead. To disable deprecation, use _CRT_SECURE_NO_WARNINGS. See online help for details.
  c:\program files (x86)\windows kits\10\include\10.0.16299.0\ucrt\stdio.h(207): note: consulte a declaração de 'fopen'
c:\users\dominikcg\desktop\pg envaders\my_space_invaders\gl_utils.cpp(144): warning C4996: 'sprintf': This function or variable may be unsafe. Consider using sprintf_s instead. To disable deprecation, use _CRT_SECURE_NO_WARNINGS. See online help for details.
  c:\program files (x86)\windows kits\10\include\10.0.16299.0\ucrt\stdio.h(1772): note: consulte a declaração de 'sprintf'
c:\users\dominikcg\desktop\pg envaders\my_space_invaders\gl_utils.cpp(154): warning C4996: 'fopen': This function or variable may be unsafe. Consider using fopen_s instead. To disable deprecation, use _CRT_SECURE_NO_WARNINGS. See online help for details.
  c:\program files (x86)\windows kits\10\include\10.0.16299.0\ucrt\stdio.h(207): note: consulte a declaração de 'fopen'
  main.cpp
  maths_funcs.cpp
c:\users\dominikcg\desktop\pg envaders\my_space_invaders\maths_funcs.cpp(139): warning C4244: 'return': conversão de 'double' para 'float', possível perda de dados
c:\users\dominikcg\desktop\pg envaders\my_space_invaders\maths_funcs.cpp(258): warning C4244: 'return': conversão de 'double' para 'float', possível perda de dados
c:\users\dominikcg\desktop\pg envaders\my_space_invaders\maths_funcs.cpp(262): warning C4244: 'inicializando': conversão de 'double' para 'float', possível perda de dados
c:\users\dominikcg\desktop\pg envaders\my_space_invaders\maths_funcs.cpp(442): warning C4244: 'inicializando': conversão de 'double' para 'float', possível perda de dados
c:\users\dominikcg\desktop\pg envaders\my_space_invaders\maths_funcs.cpp(444): warning C4244: '=': conversão de 'double' para 'float', possível perda de dados
c:\users\dominikcg\desktop\pg envaders\my_space_invaders\maths_funcs.cpp(445): warning C4244: '=': conversão de 'double' para 'float', possível perda de dados
c:\users\dominikcg\desktop\pg envaders\my_space_invaders\maths_funcs.cpp(446): warning C4244: '=': conversão de 'double' para 'float', possível perda de dados
c:\users\dominikcg\desktop\pg envaders\my_space_invaders\maths_funcs.cpp(447): warning C4244: '=': conversão de 'double' para 'float', possível perda de dados
c:\users\dominikcg\desktop\pg envaders\my_space_invaders\maths_funcs.cpp(454): warning C4244: 'inicializando': conversão de 'double' para 'float', possível perda de dados
c:\users\dominikcg\desktop\pg envaders\my_space_invaders\maths_funcs.cpp(456): warning C4244: '=': conversão de 'double' para 'float', possível perda de dados
c:\users\dominikcg\desktop\pg envaders\my_space_invaders\maths_funcs.cpp(457): warning C4244: '=': conversão de 'double' para 'float', possível perda de dados
c:\users\dominikcg\desktop\pg envaders\my_space_invaders\maths_funcs.cpp(458): warning C4244: '=': conversão de 'double' para 'float', possível perda de dados
c:\users\dominikcg\desktop\pg envaders\my_space_invaders\maths_funcs.cpp(459): warning C4244: '=': conversão de 'double' para 'float', possível perda de dados
c:\users\dominikcg\desktop\pg envaders\my_space_invaders\maths_funcs.cpp(466): warning C4244: 'inicializando': conversão de 'double' para 'float', possível perda de dados
c:\users\dominikcg\desktop\pg envaders\my_space_invaders\maths_funcs.cpp(468): warning C4244: '=': conversão de 'double' para 'float', possível perda de dados
c:\users\dominikcg\desktop\pg envaders\my_space_invaders\maths_funcs.cpp(469): warning C4244: '=': conversão de 'double' para 'float', possível perda de dados
c:\users\dominikcg\desktop\pg envaders\my_space_invaders\maths_funcs.cpp(470): warning C4244: '=': conversão de 'double' para 'float', possível perda de dados
c:\users\dominikcg\desktop\pg envaders\my_space_invaders\maths_funcs.cpp(471): warning C4244: '=': conversão de 'double' para 'float', possível perda de dados
c:\users\dominikcg\desktop\pg envaders\my_space_invaders\maths_funcs.cpp(514): warning C4244: 'inicializando': conversão de 'double' para 'float', possível perda de dados
c:\users\dominikcg\desktop\pg envaders\my_space_invaders\maths_funcs.cpp(515): warning C4244: 'inicializando': conversão de 'double' para 'float', possível perda de dados
c:\users\dominikcg\desktop\pg envaders\my_space_invaders\maths_funcs.cpp(580): warning C4244: '=': conversão de 'double' para 'float', possível perda de dados
c:\users\dominikcg\desktop\pg envaders\my_space_invaders\maths_funcs.cpp(581): warning C4244: '=': conversão de 'double' para 'float', possível perda de dados
c:\users\dominikcg\desktop\pg envaders\my_space_invaders\maths_funcs.cpp(582): warning C4244: '=': conversão de 'double' para 'float', possível perda de dados
c:\users\dominikcg\desktop\pg envaders\my_space_invaders\maths_funcs.cpp(583): warning C4244: '=': conversão de 'double' para 'float', possível perda de dados
c:\users\dominikcg\desktop\pg envaders\my_space_invaders\maths_funcs.cpp(588): warning C4244: 'argumento': conversão de 'double' para 'float', possível perda de dados
c:\users\dominikcg\desktop\pg envaders\my_space_invaders\maths_funcs.cpp(613): warning C4244: 'inicializando': conversão de 'double' para 'float', possível perda de dados
c:\users\dominikcg\desktop\pg envaders\my_space_invaders\maths_funcs.cpp(640): warning C4244: 'inicializando': conversão de 'double' para 'float', possível perda de dados
c:\users\dominikcg\desktop\pg envaders\my_space_invaders\maths_funcs.cpp(650): warning C4244: 'inicializando': conversão de 'double' para 'float', possível perda de dados
c:\users\dominikcg\desktop\pg envaders\my_space_invaders\maths_funcs.cpp(651): warning C4244: 'inicializando': conversão de 'double' para 'float', possível perda de dados
c:\users\dominikcg\desktop\pg envaders\my_space_invaders\maths_funcs.cpp(652): warning C4244: 'inicializando': conversão de 'double' para 'float', possível perda de dados
  Gerando Código...
  my_space_invaders.vcxproj -> C:\Users\dominikcg\Desktop\PG envaders\Debug\my_space_invaders.exe
