  gl_utils.cpp
c:\users\rique\onedrive\documents\github\pg-invaders\envaders\gl_utils.cpp(26): warning C4996: 'fopen': This function or variable may be unsafe. Consider using fopen_s instead. To disable deprecation, use _CRT_SECURE_NO_WARNINGS. See online help for details.
  c:\program files (x86)\windows kits\10\include\10.0.17134.0\ucrt\stdio.h(208): note: see declaration of 'fopen'
c:\users\rique\onedrive\documents\github\pg-invaders\envaders\gl_utils.cpp(33): warning C4996: 'ctime': This function or variable may be unsafe. Consider using ctime_s instead. To disable deprecation, use _CRT_SECURE_NO_WARNINGS. See online help for details.
  c:\program files (x86)\windows kits\10\include\10.0.17134.0\ucrt\time.h(476): note: see declaration of 'ctime'
c:\users\rique\onedrive\documents\github\pg-invaders\envaders\gl_utils.cpp(41): warning C4996: 'fopen': This function or variable may be unsafe. Consider using fopen_s instead. To disable deprecation, use _CRT_SECURE_NO_WARNINGS. See online help for details.
  c:\program files (x86)\windows kits\10\include\10.0.17134.0\ucrt\stdio.h(208): note: see declaration of 'fopen'
c:\users\rique\onedrive\documents\github\pg-invaders\envaders\gl_utils.cpp(57): warning C4996: 'fopen': This function or variable may be unsafe. Consider using fopen_s instead. To disable deprecation, use _CRT_SECURE_NO_WARNINGS. See online help for details.
  c:\program files (x86)\windows kits\10\include\10.0.17134.0\ucrt\stdio.h(208): note: see declaration of 'fopen'
c:\users\rique\onedrive\documents\github\pg-invaders\envaders\gl_utils.cpp(148): warning C4996: 'sprintf': This function or variable may be unsafe. Consider using sprintf_s instead. To disable deprecation, use _CRT_SECURE_NO_WARNINGS. See online help for details.
  c:\program files (x86)\windows kits\10\include\10.0.17134.0\ucrt\stdio.h(1774): note: see declaration of 'sprintf'
c:\users\rique\onedrive\documents\github\pg-invaders\envaders\gl_utils.cpp(158): warning C4996: 'fopen': This function or variable may be unsafe. Consider using fopen_s instead. To disable deprecation, use _CRT_SECURE_NO_WARNINGS. See online help for details.
  c:\program files (x86)\windows kits\10\include\10.0.17134.0\ucrt\stdio.h(208): note: see declaration of 'fopen'
c:\users\rique\onedrive\documents\github\pg-invaders\envaders\gl_utils.cpp(165): warning C4996: 'strcpy': This function or variable may be unsafe. Consider using strcpy_s instead. To disable deprecation, use _CRT_SECURE_NO_WARNINGS. See online help for details.
  c:\program files (x86)\windows kits\10\include\10.0.17134.0\ucrt\string.h(133): note: see declaration of 'strcpy'
c:\users\rique\onedrive\documents\github\pg-invaders\envaders\gl_utils.cpp(173): warning C4996: 'strcat': This function or variable may be unsafe. Consider using strcat_s instead. To disable deprecation, use _CRT_SECURE_NO_WARNINGS. See online help for details.
  c:\program files (x86)\windows kits\10\include\10.0.17134.0\ucrt\string.h(90): note: see declaration of 'strcat'
  main.cpp
c:\users\rique\onedrive\documents\github\pg-invaders\envaders\main.cpp(170): warning C4244: 'argument': conversion from 'int' to 'GLfloat', possible loss of data
  maths_funcs.cpp
c:\users\rique\onedrive\documents\github\pg-invaders\envaders\maths_funcs.cpp(139): warning C4244: 'return': conversion from 'double' to 'float', possible loss of data
c:\users\rique\onedrive\documents\github\pg-invaders\envaders\maths_funcs.cpp(258): warning C4244: 'return': conversion from 'double' to 'float', possible loss of data
c:\users\rique\onedrive\documents\github\pg-invaders\envaders\maths_funcs.cpp(262): warning C4244: 'initializing': conversion from 'double' to 'float', possible loss of data
c:\users\rique\onedrive\documents\github\pg-invaders\envaders\maths_funcs.cpp(442): warning C4244: 'initializing': conversion from 'double' to 'float', possible loss of data
c:\users\rique\onedrive\documents\github\pg-invaders\envaders\maths_funcs.cpp(444): warning C4244: '=': conversion from 'double' to 'float', possible loss of data
c:\users\rique\onedrive\documents\github\pg-invaders\envaders\maths_funcs.cpp(445): warning C4244: '=': conversion from 'double' to 'float', possible loss of data
c:\users\rique\onedrive\documents\github\pg-invaders\envaders\maths_funcs.cpp(446): warning C4244: '=': conversion from 'double' to 'float', possible loss of data
c:\users\rique\onedrive\documents\github\pg-invaders\envaders\maths_funcs.cpp(447): warning C4244: '=': conversion from 'double' to 'float', possible loss of data
c:\users\rique\onedrive\documents\github\pg-invaders\envaders\maths_funcs.cpp(454): warning C4244: 'initializing': conversion from 'double' to 'float', possible loss of data
c:\users\rique\onedrive\documents\github\pg-invaders\envaders\maths_funcs.cpp(456): warning C4244: '=': conversion from 'double' to 'float', possible loss of data
c:\users\rique\onedrive\documents\github\pg-invaders\envaders\maths_funcs.cpp(457): warning C4244: '=': conversion from 'double' to 'float', possible loss of data
c:\users\rique\onedrive\documents\github\pg-invaders\envaders\maths_funcs.cpp(458): warning C4244: '=': conversion from 'double' to 'float', possible loss of data
c:\users\rique\onedrive\documents\github\pg-invaders\envaders\maths_funcs.cpp(459): warning C4244: '=': conversion from 'double' to 'float', possible loss of data
c:\users\rique\onedrive\documents\github\pg-invaders\envaders\maths_funcs.cpp(466): warning C4244: 'initializing': conversion from 'double' to 'float', possible loss of data
c:\users\rique\onedrive\documents\github\pg-invaders\envaders\maths_funcs.cpp(468): warning C4244: '=': conversion from 'double' to 'float', possible loss of data
c:\users\rique\onedrive\documents\github\pg-invaders\envaders\maths_funcs.cpp(469): warning C4244: '=': conversion from 'double' to 'float', possible loss of data
c:\users\rique\onedrive\documents\github\pg-invaders\envaders\maths_funcs.cpp(470): warning C4244: '=': conversion from 'double' to 'float', possible loss of data
c:\users\rique\onedrive\documents\github\pg-invaders\envaders\maths_funcs.cpp(471): warning C4244: '=': conversion from 'double' to 'float', possible loss of data
c:\users\rique\onedrive\documents\github\pg-invaders\envaders\maths_funcs.cpp(514): warning C4244: 'initializing': conversion from 'double' to 'float', possible loss of data
c:\users\rique\onedrive\documents\github\pg-invaders\envaders\maths_funcs.cpp(515): warning C4244: 'initializing': conversion from 'double' to 'float', possible loss of data
c:\users\rique\onedrive\documents\github\pg-invaders\envaders\maths_funcs.cpp(580): warning C4244: '=': conversion from 'double' to 'float', possible loss of data
c:\users\rique\onedrive\documents\github\pg-invaders\envaders\maths_funcs.cpp(581): warning C4244: '=': conversion from 'double' to 'float', possible loss of data
c:\users\rique\onedrive\documents\github\pg-invaders\envaders\maths_funcs.cpp(582): warning C4244: '=': conversion from 'double' to 'float', possible loss of data
c:\users\rique\onedrive\documents\github\pg-invaders\envaders\maths_funcs.cpp(583): warning C4244: '=': conversion from 'double' to 'float', possible loss of data
c:\users\rique\onedrive\documents\github\pg-invaders\envaders\maths_funcs.cpp(588): warning C4244: 'argument': conversion from 'double' to 'float', possible loss of data
c:\users\rique\onedrive\documents\github\pg-invaders\envaders\maths_funcs.cpp(613): warning C4244: 'initializing': conversion from 'double' to 'float', possible loss of data
c:\users\rique\onedrive\documents\github\pg-invaders\envaders\maths_funcs.cpp(640): warning C4244: 'initializing': conversion from 'double' to 'float', possible loss of data
c:\users\rique\onedrive\documents\github\pg-invaders\envaders\maths_funcs.cpp(650): warning C4244: 'initializing': conversion from 'double' to 'float', possible loss of data
c:\users\rique\onedrive\documents\github\pg-invaders\envaders\maths_funcs.cpp(651): warning C4244: 'initializing': conversion from 'double' to 'float', possible loss of data
c:\users\rique\onedrive\documents\github\pg-invaders\envaders\maths_funcs.cpp(652): warning C4244: 'initializing': conversion from 'double' to 'float', possible loss of data
  Nave.cpp
  Generating Code...
  space_invaders.vcxproj -> C:\Users\rique\OneDrive\Documents\GitHub\PG-Invaders\Debug\space_invaders.exe
