c:\users\usuario\dropbox\courses\pg\sourcecode\envaders\debug\vc140.pdb
c:\users\usuario\dropbox\courses\pg\sourcecode\envaders\debug\vc140.idb
c:\users\usuario\dropbox\courses\pg\sourcecode\envaders\debug\gl_utils.obj
c:\users\usuario\dropbox\courses\pg\sourcecode\envaders\debug\main.obj
c:\users\usuario\dropbox\courses\pg\sourcecode\envaders\debug\maths_funcs.obj
c:\users\usuario\dropbox\courses\pg\sourcecode\envaders\debug\stb_image.obj
c:\users\dominikcg\desktop\src\envaders\debug\vc141.pdb
c:\users\dominikcg\desktop\src\envaders\debug\vc141.idb
c:\users\dominikcg\desktop\src\envaders\debug\maths_funcs.obj
c:\users\dominikcg\desktop\src\envaders\debug\main.obj
c:\users\dominikcg\desktop\src\envaders\debug\gl_utils.obj
c:\users\dominikcg\desktop\src\envaders\debug\stb_image.obj
c:\users\dominikcg\desktop\pg to tentando eh verdade essa pasta\envaders\debug\vc141.pdb
c:\users\dominikcg\desktop\pg to tentando eh verdade essa pasta\envaders\debug\vc141.idb
c:\users\dominikcg\desktop\pg to tentando eh verdade essa pasta\envaders\debug\maths_funcs.obj
c:\users\dominikcg\desktop\pg to tentando eh verdade essa pasta\envaders\debug\main.obj
c:\users\dominikcg\desktop\pg to tentando eh verdade essa pasta\envaders\debug\gl_utils.obj
c:\users\dominikcg\desktop\pg to tentando eh verdade essa pasta\envaders\debug\stb_image.obj
c:\users\usuario\dropbox\courses\pg\sourcecode\debug\space_invaders.ilk
c:\users\usuario\dropbox\courses\pg\sourcecode\debug\space_invaders.exe
c:\users\usuario\dropbox\courses\pg\sourcecode\debug\space_invaders.pdb
c:\users\dominikcg\desktop\pg to tentando eh verdade essa pasta\envaders\debug\vc140.idb
c:\users\dominikcg\desktop\pg to tentando eh verdade essa pasta\envaders\debug\vc140.pdb
c:\users\dominikcg\desktop\pg to tentando eh verdade essa pasta\debug\space_invaders.pdb
c:\users\dominikcg\desktop\pg to tentando eh verdade essa pasta\envaders\debug\space_invaders.tlog\cl.command.1.tlog
c:\users\dominikcg\desktop\pg to tentando eh verdade essa pasta\envaders\debug\space_invaders.tlog\cl.read.1.tlog
c:\users\dominikcg\desktop\pg to tentando eh verdade essa pasta\envaders\debug\space_invaders.tlog\cl.write.1.tlog
c:\users\dominikcg\desktop\pg to tentando eh verdade essa pasta\envaders\debug\space_invaders.tlog\link-cvtres.read.1.tlog
c:\users\dominikcg\desktop\pg to tentando eh verdade essa pasta\envaders\debug\space_invaders.tlog\link-cvtres.write.1.tlog
c:\users\dominikcg\desktop\pg to tentando eh verdade essa pasta\envaders\debug\space_invaders.tlog\link-rc.read.1.tlog
c:\users\dominikcg\desktop\pg to tentando eh verdade essa pasta\envaders\debug\space_invaders.tlog\link-rc.write.1.tlog
c:\users\dominikcg\desktop\pg to tentando eh verdade essa pasta\envaders\debug\space_invaders.tlog\link.command.1.tlog
c:\users\dominikcg\desktop\pg to tentando eh verdade essa pasta\envaders\debug\space_invaders.tlog\link.read.1.tlog
c:\users\dominikcg\desktop\pg to tentando eh verdade essa pasta\envaders\debug\space_invaders.tlog\link.write.1.tlog
